# JRE version: OpenJDK Runtime Environment Temurin-21.0.10+7 (21.0.10+7) (build 21.0.10+7-LTS)
# Java VM: OpenJDK 64-Bit Server VM Temurin-21.0.10+7 (21.0.10+7-LTS, mixed mode, sharing, tiered, compressed oops, compressed class ptrs, parallel gc, windows-amd64)
GC Precious Log:
 CardTable entry size: 512
 CPUs: 12 total, 12 available
 Memory: 7955M
 Large Page Support: Disabled
 NUMA Support: Disabled
 Compressed Oops: Enabled (32-bit)
 Alignments: Space 512K, Generation 512K, Heap 2M
 Heap Min Capacity: 100M
 Heap Initial Capacity: 100M
 Heap Max Capacity: 2G
 Pre-touch: Disabled
 Parallel Workers: 10
Heap:
 PSYoungGen      total 1536K, used 432K [0x00000000d5580000, 0x00000000d5800000, 0x0000000100000000)
  eden space 1024K, 20% used [0x00000000d5580000,0x00000000d55b4240,0x00000000d5680000)
  from space 512K, 43% used [0x00000000d5780000,0x00000000d57b8000,0x00000000d5800000)
  to   space 512K, 0% used [0x00000000d5700000,0x00000000d5700000,0x00000000d5780000)
 ParOldGen       total 189952K, used 126606K [0x0000000080000000, 0x000000008b980000, 0x00000000d5580000)
  object space 189952K, 66% used [0x0000000080000000,0x0000000087ba3998,0x000000008b980000)
 Metaspace       used 78111K, committed 79680K, reserved 1179648K
  class space    used 8081K, committed 8832K, reserved 1048576K
GC Heap History (20 events):
Event: 617.882 GC heap before
{Heap before GC invocations=489 (full 4):
 PSYoungGen      total 2048K, used 1957K [0x00000000d5580000, 0x00000000d5900000, 0x0000000100000000)
  eden space 1024K, 100% used [0x00000000d5580000,0x00000000d5680000,0x00000000d5680000)
  from space 1024K, 91% used [0x00000000d5800000,0x00000000d58e97d0,0x00000000d5900000)
  to   space 1024K, 0% used [0x00000000d5700000,0x00000000d5700000,0x00000000d5800000)
 ParOldGen       total 189952K, used 124014K [0x0000000080000000, 0x000000008b980000, 0x00000000d5580000)
  object space 189952K, 65% used [0x0000000080000000,0x000000008791ba28,0x000000008b980000)
 Metaspace       used 77956K, committed 79552K, reserved 1179648K
  class space    used 8056K, committed 8768K, reserved 1048576K
}
Event: 617.889 GC heap after
{Heap after GC invocations=489 (full 4):
 PSYoungGen      total 2048K, used 902K [0x00000000d5580000, 0x00000000d5880000, 0x0000000100000000)
  eden space 1024K, 0% used [0x00000000d5580000,0x00000000d5580000,0x00000000d5680000)
  from space 1024K, 88% used [0x00000000d5700000,0x00000000d57e1898,0x00000000d5800000)
  to   space 512K, 0% used [0x00000000d5800000,0x00000000d5800000,0x00000000d5880000)
 ParOldGen       total 189952K, used 124771K [0x0000000080000000, 0x000000008b980000, 0x00000000d5580000)
  object space 189952K, 65% used [0x0000000080000000,0x00000000879d8f70,0x000000008b980000)
 Metaspace       used 77956K, committed 79552K, reserved 1179648K
  class space    used 8056K, committed 8768K, reserved 1048576K
}
Event: 618.654 GC heap before
{Heap before GC invocations=490 (full 4):
 PSYoungGen      total 2048K, used 1926K [0x00000000d5580000, 0x00000000d5880000, 0x0000000100000000)
  eden space 1024K, 100% used [0x00000000d5580000,0x00000000d5680000,0x00000000d5680000)
  from space 1024K, 88% used [0x00000000d5700000,0x00000000d57e1898,0x00000000d5800000)
  to   space 512K, 0% used [0x00000000d5800000,0x00000000d5800000,0x00000000d5880000)
 ParOldGen       total 189952K, used 124771K [0x0000000080000000, 0x000000008b980000, 0x00000000d5580000)
  object space 189952K, 65% used [0x0000000080000000,0x00000000879d8f70,0x000000008b980000)
 Metaspace       used 78037K, committed 79680K, reserved 1179648K
  class space    used 8077K, committed 8832K, reserved 1048576K
}
Event: 618.662 GC heap after
{Heap after GC invocations=490 (full 4):
 PSYoungGen      total 1536K, used 512K [0x00000000d5580000, 0x00000000d5980000, 0x0000000100000000)
  eden space 1024K, 0% used [0x00000000d5580000,0x00000000d5580000,0x00000000d5680000)
  from space 512K, 100% used [0x00000000d5800000,0x00000000d5880000,0x00000000d5880000)
  to   space 1536K, 0% used [0x00000000d5680000,0x00000000d5680000,0x00000000d5800000)
 ParOldGen       total 189952K, used 125614K [0x0000000080000000, 0x000000008b980000, 0x00000000d5580000)
  object space 189952K, 66% used [0x0000000080000000,0x0000000087aab998,0x000000008b980000)
 Metaspace       used 78037K, committed 79680K, reserved 1179648K
  class space    used 8077K, committed 8832K, reserved 1048576K
}
Event: 618.687 GC heap before
{Heap before GC invocations=491 (full 4):
 PSYoungGen      total 1536K, used 1498K [0x00000000d5580000, 0x00000000d5980000, 0x0000000100000000)
  eden space 1024K, 96% used [0x00000000d5580000,0x00000000d5676980,0x00000000d5680000)
  from space 512K, 100% used [0x00000000d5800000,0x00000000d5880000,0x00000000d5880000)
  to   space 1536K, 0% used [0x00000000d5680000,0x00000000d5680000,0x00000000d5800000)
 ParOldGen       total 189952K, used 125614K [0x0000000080000000, 0x000000008b980000, 0x00000000d5580000)
  object space 189952K, 66% used [0x0000000080000000,0x0000000087aab998,0x000000008b980000)
 Metaspace       used 78037K, committed 79680K, reserved 1179648K
  class space    used 8077K, committed 8832K, reserved 1048576K
}
Event: 618.692 GC heap after
{Heap after GC invocations=491 (full 4):
 PSYoungGen      total 2048K, used 544K [0x00000000d5580000, 0x00000000d5880000, 0x0000000100000000)
  eden space 1024K, 0% used [0x00000000d5580000,0x00000000d5580000,0x00000000d5680000)
  from space 1024K, 53% used [0x00000000d5680000,0x00000000d5708000,0x00000000d5780000)
  to   space 1024K, 0% used [0x00000000d5780000,0x00000000d5780000,0x00000000d5880000)
 ParOldGen       total 189952K, used 126038K [0x0000000080000000, 0x000000008b980000, 0x00000000d5580000)
  object space 189952K, 66% used [0x0000000080000000,0x0000000087b15998,0x000000008b980000)
 Metaspace       used 78037K, committed 79680K, reserved 1179648K
  class space    used 8077K, committed 8832K, reserved 1048576K
}
Event: 1501.328 GC heap before
{Heap before GC invocations=492 (full 4):
 PSYoungGen      total 2048K, used 1567K [0x00000000d5580000, 0x00000000d5880000, 0x0000000100000000)
  eden space 1024K, 99% used [0x00000000d5580000,0x00000000d567fff0,0x00000000d5680000)
  from space 1024K, 53% used [0x00000000d5680000,0x00000000d5708000,0x00000000d5780000)
  to   space 1024K, 0% used [0x00000000d5780000,0x00000000d5780000,0x00000000d5880000)
 ParOldGen       total 189952K, used 126038K [0x0000000080000000, 0x000000008b980000, 0x00000000d5580000)
  object space 189952K, 66% used [0x0000000080000000,0x0000000087b15998,0x000000008b980000)
 Metaspace       used 78054K, committed 79680K, reserved 1179648K
  class space    used 8078K, committed 8832K, reserved 1048576K
}
Event: 1501.397 GC heap after
{Heap after GC invocations=492 (full 4):
 PSYoungGen      total 1536K, used 320K [0x00000000d5580000, 0x00000000d5800000, 0x0000000100000000)
  eden space 1024K, 0% used [0x00000000d5580000,0x00000000d5580000,0x00000000d5680000)
  from space 512K, 62% used [0x00000000d5780000,0x00000000d57d0000,0x00000000d5800000)
  to   space 512K, 0% used [0x00000000d5700000,0x00000000d5700000,0x00000000d5780000)
 ParOldGen       total 189952K, used 126406K [0x0000000080000000, 0x000000008b980000, 0x00000000d5580000)
  object space 189952K, 66% used [0x0000000080000000,0x0000000087b71998,0x000000008b980000)
 Metaspace       used 78054K, committed 79680K, reserved 1179648K
  class space    used 8078K, committed 8832K, reserved 1048576K
}
Event: 3007.472 GC heap before
{Heap before GC invocations=493 (full 4):
 PSYoungGen      total 1536K, used 1344K [0x00000000d5580000, 0x00000000d5800000, 0x0000000100000000)
  eden space 1024K, 100% used [0x00000000d5580000,0x00000000d5680000,0x00000000d5680000)
  from space 512K, 62% used [0x00000000d5780000,0x00000000d57d0000,0x00000000d5800000)
  to   space 512K, 0% used [0x00000000d5700000,0x00000000d5700000,0x00000000d5780000)
 ParOldGen       total 189952K, used 126406K [0x0000000080000000, 0x000000008b980000, 0x00000000d5580000)
  object space 189952K, 66% used [0x0000000080000000,0x0000000087b71998,0x000000008b980000)
 Metaspace       used 78085K, committed 79680K, reserved 1179648K
  class space    used 8081K, committed 8832K, reserved 1048576K
}
Event: 3007.569 GC heap after
{Heap after GC invocations=493 (full 4):
 PSYoungGen      total 1536K, used 288K [0x00000000d5580000, 0x00000000d5800000, 0x0000000100000000)
  eden space 1024K, 0% used [0x00000000d5580000,0x00000000d5580000,0x00000000d5680000)
  from space 512K, 56% used [0x00000000d5700000,0x00000000d5748000,0x00000000d5780000)
  to   space 512K, 0% used [0x00000000d5780000,0x00000000d5780000,0x00000000d5800000)
 ParOldGen       total 189952K, used 126534K [0x0000000080000000, 0x000000008b980000, 0x00000000d5580000)
  object space 189952K, 66% used [0x0000000080000000,0x0000000087b91998,0x000000008b980000)
 Metaspace       used 78085K, committed 79680K, reserved 1179648K
  class space    used 8081K, committed 8832K, reserved 1048576K
}
Event: 3578.761 GC heap before
{Heap before GC invocations=494 (full 4):
 PSYoungGen      total 1536K, used 1311K [0x00000000d5580000, 0x00000000d5800000, 0x0000000100000000)
  eden space 1024K, 99% used [0x00000000d5580000,0x00000000d567ffe0,0x00000000d5680000)
  from space 512K, 56% used [0x00000000d5700000,0x00000000d5748000,0x00000000d5780000)
  to   space 512K, 0% used [0x00000000d5780000,0x00000000d5780000,0x00000000d5800000)
 ParOldGen       total 189952K, used 126534K [0x0000000080000000, 0x000000008b980000, 0x00000000d5580000)
  object space 189952K, 66% used [0x0000000080000000,0x0000000087b91998,0x000000008b980000)
 Metaspace       used 78093K, committed 79680K, reserved 1179648K
  class space    used 8081K, committed 8832K, reserved 1048576K
}
Event: 3578.860 GC heap after
{Heap after GC invocations=494 (full 4):
 PSYoungGen      total 1536K, used 256K [0x00000000d5580000, 0x00000000d5800000, 0x0000000100000000)
  eden space 1024K, 0% used [0x00000000d5580000,0x00000000d5580000,0x00000000d5680000)
  from space 512K, 50% used [0x00000000d5780000,0x00000000d57c0000,0x00000000d5800000)
  to   space 512K, 0% used [0x00000000d5700000,0x00000000d5700000,0x00000000d5780000)
 ParOldGen       total 189952K, used 126590K [0x0000000080000000, 0x000000008b980000, 0x00000000d5580000)
  object space 189952K, 66% used [0x0000000080000000,0x0000000087b9f998,0x000000008b980000)
 Metaspace       used 78093K, committed 79680K, reserved 1179648K
  class space    used 8081K, committed 8832K, reserved 1048576K
}
Event: 3907.642 GC heap before
{Heap before GC invocations=495 (full 4):
 PSYoungGen      total 1536K, used 1279K [0x00000000d5580000, 0x00000000d5800000, 0x0000000100000000)
  eden space 1024K, 99% used [0x00000000d5580000,0x00000000d567fff8,0x00000000d5680000)
  from space 512K, 50% used [0x00000000d5780000,0x00000000d57c0000,0x00000000d5800000)
  to   space 512K, 0% used [0x00000000d5700000,0x00000000d5700000,0x00000000d5780000)
 ParOldGen       total 189952K, used 126590K [0x0000000080000000, 0x000000008b980000, 0x00000000d5580000)
  object space 189952K, 66% used [0x0000000080000000,0x0000000087b9f998,0x000000008b980000)
 Metaspace       used 78093K, committed 79680K, reserved 1179648K
  class space    used 8081K, committed 8832K, reserved 1048576K
}
Event: 3907.697 GC heap after
{Heap after GC invocations=495 (full 4):
 PSYoungGen      total 1536K, used 192K [0x00000000d5580000, 0x00000000d5800000, 0x0000000100000000)
  eden space 1024K, 0% used [0x00000000d5580000,0x00000000d5580000,0x00000000d5680000)
  from space 512K, 37% used [0x00000000d5700000,0x00000000d5730000,0x00000000d5780000)
  to   space 512K, 0% used [0x00000000d5780000,0x00000000d5780000,0x00000000d5800000)
 ParOldGen       total 189952K, used 126590K [0x0000000080000000, 0x000000008b980000, 0x00000000d5580000)
  object space 189952K, 66% used [0x0000000080000000,0x0000000087b9f998,0x000000008b980000)
 Metaspace       used 78093K, committed 79680K, reserved 1179648K
  class space    used 8081K, committed 8832K, reserved 1048576K
}
Event: 5038.315 GC heap before
{Heap before GC invocations=496 (full 4):
 PSYoungGen      total 1536K, used 1215K [0x00000000d5580000, 0x00000000d5800000, 0x0000000100000000)
  eden space 1024K, 99% used [0x00000000d5580000,0x00000000d567fff0,0x00000000d5680000)
  from space 512K, 37% used [0x00000000d5700000,0x00000000d5730000,0x00000000d5780000)
  to   space 512K, 0% used [0x00000000d5780000,0x00000000d5780000,0x00000000d5800000)
 ParOldGen       total 189952K, used 126590K [0x0000000080000000, 0x000000008b980000, 0x00000000d5580000)
  object space 189952K, 66% used [0x0000000080000000,0x0000000087b9f998,0x000000008b980000)
 Metaspace       used 78099K, committed 79680K, reserved 1179648K
  class space    used 8081K, committed 8832K, reserved 1048576K
}
Event: 5038.429 GC heap after
{Heap after GC invocations=496 (full 4):
 PSYoungGen      total 1536K, used 256K [0x00000000d5580000, 0x00000000d5800000, 0x0000000100000000)
  eden space 1024K, 0% used [0x00000000d5580000,0x00000000d5580000,0x00000000d5680000)
  from space 512K, 50% used [0x00000000d5780000,0x00000000d57c0000,0x00000000d5800000)
  to   space 512K, 0% used [0x00000000d5700000,0x00000000d5700000,0x00000000d5780000)
 ParOldGen       total 189952K, used 126598K [0x0000000080000000, 0x000000008b980000, 0x00000000d5580000)
  object space 189952K, 66% used [0x0000000080000000,0x0000000087ba1998,0x000000008b980000)
 Metaspace       used 78099K, committed 79680K, reserved 1179648K
  class space    used 8081K, committed 8832K, reserved 1048576K
}
Event: 5933.901 GC heap before
{Heap before GC invocations=497 (full 4):
 PSYoungGen      total 1536K, used 1280K [0x00000000d5580000, 0x00000000d5800000, 0x0000000100000000)
  eden space 1024K, 100% used [0x00000000d5580000,0x00000000d5680000,0x00000000d5680000)
  from space 512K, 50% used [0x00000000d5780000,0x00000000d57c0000,0x00000000d5800000)
  to   space 512K, 0% used [0x00000000d5700000,0x00000000d5700000,0x00000000d5780000)
 ParOldGen       total 189952K, used 126598K [0x0000000080000000, 0x000000008b980000, 0x00000000d5580000)
  object space 189952K, 66% used [0x0000000080000000,0x0000000087ba1998,0x000000008b980000)
 Metaspace       used 78103K, committed 79680K, reserved 1179648K
  class space    used 8081K, committed 8832K, reserved 1048576K
}
Event: 5933.973 GC heap after
{Heap after GC invocations=497 (full 4):
 PSYoungGen      total 1536K, used 224K [0x00000000d5580000, 0x00000000d5800000, 0x0000000100000000)
  eden space 1024K, 0% used [0x00000000d5580000,0x00000000d5580000,0x00000000d5680000)
  from space 512K, 43% used [0x00000000d5700000,0x00000000d5738000,0x00000000d5780000)
  to   space 512K, 0% used [0x00000000d5780000,0x00000000d5780000,0x00000000d5800000)
 ParOldGen       total 189952K, used 126606K [0x0000000080000000, 0x000000008b980000, 0x00000000d5580000)
  object space 189952K, 66% used [0x0000000080000000,0x0000000087ba3998,0x000000008b980000)
 Metaspace       used 78103K, committed 79680K, reserved 1179648K
  class space    used 8081K, committed 8832K, reserved 1048576K
}
Event: 6968.312 GC heap before
{Heap before GC invocations=498 (full 4):
 PSYoungGen      total 1536K, used 1248K [0x00000000d5580000, 0x00000000d5800000, 0x0000000100000000)
  eden space 1024K, 100% used [0x00000000d5580000,0x00000000d5680000,0x00000000d5680000)
  from space 512K, 43% used [0x00000000d5700000,0x00000000d5738000,0x00000000d5780000)
  to   space 512K, 0% used [0x00000000d5780000,0x00000000d5780000,0x00000000d5800000)
 ParOldGen       total 189952K, used 126606K [0x0000000080000000, 0x000000008b980000, 0x00000000d5580000)
  object space 189952K, 66% used [0x0000000080000000,0x0000000087ba3998,0x000000008b980000)
 Metaspace       used 78111K, committed 79680K, reserved 1179648K
  class space    used 8081K, committed 8832K, reserved 1048576K
}
Event: 6968.469 GC heap after
{Heap after GC invocations=498 (full 4):
 PSYoungGen      total 1536K, used 224K [0x00000000d5580000, 0x00000000d5800000, 0x0000000100000000)
  eden space 1024K, 0% used [0x00000000d5580000,0x00000000d5580000,0x00000000d5680000)
  from space 512K, 43% used [0x00000000d5780000,0x00000000d57b8000,0x00000000d5800000)
  to   space 512K, 0% used [0x00000000d5700000,0x00000000d5700000,0x00000000d5780000)
 ParOldGen       total 189952K, used 126606K [0x0000000080000000, 0x000000008b980000, 0x00000000d5580000)
  object space 189952K, 66% used [0x0000000080000000,0x0000000087ba3998,0x000000008b980000)
 Metaspace       used 78111K, committed 79680K, reserved 1179648K
  class space    used 8081K, committed 8832K, reserved 1048576K
}

